<?xml version="1.0" encoding="UTF-8"?>
<testsuite xmlns:xsi="http://www.w3.org/2001/XMLSchema-instance" xsi:noNamespaceSchemaLocation="https://maven.apache.org/surefire/maven-surefire-plugin/xsd/surefire-test-report.xsd" version="3.0.2" name="com.jakunya.sqlmaster.Service.UserServiceTests" time="0.463" tests="5" errors="0" skipped="0" failures="0">
  <properties>
[...]
</properties>
  <testcase name="updateStreak_ShouldIncreaseStreak_WhenSolvedYesterday" classname="com.jakunya.sqlmaster.Service.UserServiceTests" time="0.402"/>
  <testcase name="addUserXp" classname="com.jakunya.sqlmaster.Service.UserServiceTests" time="0.035"/>
  <testcase name="updateUsername" classname="com.jakunya.sqlmaster.Service.UserServiceTests" time="0.012"/>
  <testcase name="updateStreak_ShouldIncreaseStreak_ShouldResetStreak" classname="com.jakunya.sqlmaster.Service.UserServiceTests" time="0.004"/>
  <testcase name="throwUpdateUserException" classname="com.jakunya.sqlmaster.Service.UserServiceTests" time="0.004"/>
</testsuite>